<?xml version="1.0" encoding="UTF-8"?>
<!-- Generated by org.testng.reporters.JUnitReportReporter -->
<testsuite skipped="0" hostname="SAHAANA-PC" name="tests.BankBazaarInvest" tests="1" failures="0" timestamp="09 Sep 2018 05:44:00 GMT" time="43.455" errors="0">
  <testcase name="investinBankBazaar" time="43.455" classname="tests.BankBazaarInvest"/>
</testsuite> <!-- tests.BankBazaarInvest -->
